<?xml version="1.0" encoding="UTF-8"?>
<testng-results skipped="1" failed="0" total="2" passed="1">
  <reporter-output>
  </reporter-output>
  <suite name="Default suite" duration-ms="19761" started-at="2016-02-10T13:32:18Z" finished-at="2016-02-10T13:32:38Z">
    <groups>
    </groups>
    <test name="Default test" duration-ms="19761" started-at="2016-02-10T13:32:18Z" finished-at="2016-02-10T13:32:38Z">
      <class name="com.android.qtpselenium.AppiumMavenTest.regressionTests">
        <test-method status="PASS" signature="setup()[pri:0, instance:com.android.qtpselenium.AppiumMavenTest.regressionTests@3f2a3a5]" test-instance-name="" name="setup" is-config="true" duration-ms="12599" started-at="2016-02-10T19:02:18Z" finished-at="2016-02-10T19:02:31Z">
          <reporter-output>
          </reporter-output>
        </test-method> <!-- setup -->
        <test-method status="SKIP" signature="takescreenshot(io.appium.java_client.android.AndroidDriver)[pri:0, instance:com.android.qtpselenium.AppiumMavenTest.regressionTests@3f2a3a5]" test-instance-name="" name="takescreenshot" duration-ms="0" started-at="2016-02-10T19:02:31Z" finished-at="2016-02-10T19:02:31Z">
          <exception class="org.testng.TestNGException">
            <message>
              <![CDATA[
Method takescreenshot requires 1 parameters but 0 were supplied in the @Test annotation.]]>
            </message>
            <full-stacktrace>
              <![CDATA[org.testng.TestNGException: 
Method takescreenshot requires 1 parameters but 0 were supplied in the @Test annotation.
	at org.testng.internal.Parameters.checkParameterTypes(Parameters.java:191)
	at org.testng.internal.Parameters.createParameters(Parameters.java:127)
	at org.testng.internal.Parameters.createParameters(Parameters.java:376)
	at org.testng.internal.Parameters.handleParameters(Parameters.java:451)
	at org.testng.internal.Invoker.handleParameters(Invoker.java:1274)
	at org.testng.internal.Invoker.createParameters(Invoker.java:989)
	at org.testng.internal.Invoker.invokeTestMethods(Invoker.java:1079)
	at org.testng.internal.TestMethodWorker.invokeTestMethods(TestMethodWorker.java:129)
	at org.testng.internal.TestMethodWorker.run(TestMethodWorker.java:112)
	at org.testng.TestRunner.privateRun(TestRunner.java:782)
	at org.testng.TestRunner.run(TestRunner.java:632)
	at org.testng.SuiteRunner.runTest(SuiteRunner.java:366)
	at org.testng.SuiteRunner.runSequentially(SuiteRunner.java:361)
	at org.testng.SuiteRunner.privateRun(SuiteRunner.java:319)
	at org.testng.SuiteRunner.run(SuiteRunner.java:268)
	at org.testng.SuiteRunnerWorker.runSuite(SuiteRunnerWorker.java:52)
	at org.testng.SuiteRunnerWorker.run(SuiteRunnerWorker.java:86)
	at org.testng.TestNG.runSuitesSequentially(TestNG.java:1244)
	at org.testng.TestNG.runSuitesLocally(TestNG.java:1169)
	at org.testng.TestNG.run(TestNG.java:1064)
	at org.testng.remote.RemoteTestNG.run(RemoteTestNG.java:113)
	at org.testng.remote.RemoteTestNG.initAndRun(RemoteTestNG.java:206)
	at org.testng.remote.RemoteTestNG.main(RemoteTestNG.java:177)
]]>
            </full-stacktrace>
          </exception> <!-- org.testng.TestNGException -->
          <reporter-output>
          </reporter-output>
        </test-method> <!-- takescreenshot -->
        <test-method status="PASS" signature="termsAndConditionsCheck()[pri:0, instance:com.android.qtpselenium.AppiumMavenTest.regressionTests@3f2a3a5]" test-instance-name="" name="termsAndConditionsCheck" duration-ms="6062" started-at="2016-02-10T19:02:31Z" finished-at="2016-02-10T19:02:37Z">
          <reporter-output>
          </reporter-output>
        </test-method> <!-- termsAndConditionsCheck -->
        <test-method status="PASS" signature="closedriver()[pri:0, instance:com.android.qtpselenium.AppiumMavenTest.regressionTests@3f2a3a5]" test-instance-name="" name="closedriver" is-config="true" duration-ms="1085" started-at="2016-02-10T19:02:37Z" finished-at="2016-02-10T19:02:38Z">
          <reporter-output>
          </reporter-output>
        </test-method> <!-- closedriver -->
      </class> <!-- com.android.qtpselenium.AppiumMavenTest.regressionTests -->
    </test> <!-- Default test -->
  </suite> <!-- Default suite -->
</testng-results>
