<?xml version="1.0" encoding="UTF-8"?>
<!-- Generated by org.testng.reporters.JUnitXMLReporter -->
<testsuite hostname="Rakshitas-MacBook-Pro.local" name="Default test" tests="2" failures="0" timestamp="10 Feb 2016 13:32:39 GMT" time="19.761" errors="0">
  <testcase name="" time="0.0" classname="com.android.qtpselenium.AppiumMavenTest.regressionTests">
    <skipped/>
  </testcase> <!--  -->
  <testcase name="" time="6.062" classname="com.android.qtpselenium.AppiumMavenTest.regressionTests"/>
</testsuite> <!-- Default test -->
